[06-Jan-2025 19:28:30] NOTICE: fpm is running, pid 7
[06-Jan-2025 19:28:30] NOTICE: ready to handle connections
[07-Jan-2025 13:40:19] NOTICE: Finishing ...
[07-Jan-2025 13:40:19] NOTICE: exiting, bye-bye!
[07-Jan-2025 13:40:21] NOTICE: fpm is running, pid 7
[07-Jan-2025 13:40:21] NOTICE: ready to handle connections
[07-Jan-2025 13:49:44] NOTICE: Finishing ...
[07-Jan-2025 13:49:44] NOTICE: exiting, bye-bye!
[07-Jan-2025 13:49:46] NOTICE: fpm is running, pid 7
[07-Jan-2025 13:49:46] NOTICE: ready to handle connections
[09-Jan-2025 06:42:47] WARNING: [pool www] server reached pm.max_children setting (5), consider raising it
[09-Jan-2025 06:54:31] WARNING: [pool www] server reached pm.max_children setting (5), consider raising it
[09-Jan-2025 07:41:12] WARNING: [pool www] server reached pm.max_children setting (5), consider raising it
[09-Jan-2025 12:12:48] WARNING: [pool www] server reached pm.max_children setting (5), consider raising it
[10-Jan-2025 20:15:05] WARNING: [pool www] server reached pm.max_children setting (5), consider raising it
[10-Jan-2025 20:16:31] WARNING: [pool www] server reached pm.max_children setting (5), consider raising it
[10-Jan-2025 22:00:42] WARNING: [pool www] server reached pm.max_children setting (5), consider raising it
[10-Jan-2025 22:35:25] NOTICE: Finishing ...
[10-Jan-2025 22:35:25] NOTICE: exiting, bye-bye!
[10-Jan-2025 22:35:28] NOTICE: fpm is running, pid 7
[10-Jan-2025 22:35:28] NOTICE: ready to handle connections
[10-Jan-2025 22:57:40] NOTICE: fpm is running, pid 7
[10-Jan-2025 22:57:40] NOTICE: ready to handle connections
[10-Jan-2025 22:57:54] NOTICE: Finishing ...
[10-Jan-2025 22:57:54] NOTICE: exiting, bye-bye!
[10-Jan-2025 22:57:56] NOTICE: Finishing ...
[10-Jan-2025 22:57:56] NOTICE: exiting, bye-bye!
[10-Jan-2025 22:58:04] NOTICE: fpm is running, pid 7
[10-Jan-2025 22:58:04] NOTICE: ready to handle connections
[11-Jan-2025 00:32:05] NOTICE: Finishing ...
[11-Jan-2025 00:32:05] NOTICE: exiting, bye-bye!
[11-Jan-2025 00:33:44] NOTICE: fpm is running, pid 7
[11-Jan-2025 00:33:44] NOTICE: ready to handle connections
[11-Jan-2025 00:36:07] NOTICE: Finishing ...
[11-Jan-2025 00:36:07] NOTICE: exiting, bye-bye!
[11-Jan-2025 00:36:24] NOTICE: fpm is running, pid 7
[11-Jan-2025 00:36:24] NOTICE: ready to handle connections
[11-Jan-2025 00:38:59] NOTICE: Finishing ...
[11-Jan-2025 00:38:59] NOTICE: exiting, bye-bye!
[11-Jan-2025 00:39:14] NOTICE: fpm is running, pid 7
[11-Jan-2025 00:39:14] NOTICE: ready to handle connections
[11-Jan-2025 00:43:08] NOTICE: Finishing ...
[11-Jan-2025 00:43:08] NOTICE: exiting, bye-bye!
[11-Jan-2025 00:43:20] NOTICE: fpm is running, pid 7
[11-Jan-2025 00:43:20] NOTICE: ready to handle connections
[11-Jan-2025 11:54:51] WARNING: [pool www] server reached pm.max_children setting (5), consider raising it
[11-Jan-2025 11:55:13] WARNING: [pool www] server reached pm.max_children setting (5), consider raising it
[11-Jan-2025 11:56:27] WARNING: [pool www] server reached pm.max_children setting (5), consider raising it
[11-Jan-2025 11:56:47] WARNING: [pool www] server reached pm.max_children setting (5), consider raising it
[11-Jan-2025 11:57:08] WARNING: [pool www] server reached pm.max_children setting (5), consider raising it
[11-Jan-2025 11:57:27] WARNING: [pool www] server reached pm.max_children setting (5), consider raising it
[11-Jan-2025 11:57:45] WARNING: [pool www] server reached pm.max_children setting (5), consider raising it
[11-Jan-2025 11:58:04] WARNING: [pool www] server reached pm.max_children setting (5), consider raising it
[11-Jan-2025 11:58:23] WARNING: [pool www] server reached pm.max_children setting (5), consider raising it
[11-Jan-2025 11:58:59] WARNING: [pool www] server reached pm.max_children setting (5), consider raising it
[11-Jan-2025 11:59:20] WARNING: [pool www] server reached pm.max_children setting (5), consider raising it
[11-Jan-2025 11:59:39] WARNING: [pool www] server reached pm.max_children setting (5), consider raising it
[11-Jan-2025 11:59:56] WARNING: [pool www] server reached pm.max_children setting (5), consider raising it
[11-Jan-2025 12:00:16] WARNING: [pool www] server reached pm.max_children setting (5), consider raising it
[11-Jan-2025 12:00:34] WARNING: [pool www] server reached pm.max_children setting (5), consider raising it
[11-Jan-2025 12:00:52] WARNING: [pool www] server reached pm.max_children setting (5), consider raising it
[11-Jan-2025 12:01:10] WARNING: [pool www] server reached pm.max_children setting (5), consider raising it
[11-Jan-2025 12:01:27] WARNING: [pool www] server reached pm.max_children setting (5), consider raising it
[11-Jan-2025 12:02:09] WARNING: [pool www] server reached pm.max_children setting (5), consider raising it
[11-Jan-2025 12:02:29] WARNING: [pool www] server reached pm.max_children setting (5), consider raising it
[11-Jan-2025 12:02:49] WARNING: [pool www] server reached pm.max_children setting (5), consider raising it
[11-Jan-2025 12:03:26] WARNING: [pool www] server reached pm.max_children setting (5), consider raising it
[11-Jan-2025 12:03:44] WARNING: [pool www] server reached pm.max_children setting (5), consider raising it
[11-Jan-2025 12:04:39] WARNING: [pool www] server reached pm.max_children setting (5), consider raising it
[11-Jan-2025 12:05:16] WARNING: [pool www] server reached pm.max_children setting (5), consider raising it
[11-Jan-2025 12:05:34] WARNING: [pool www] server reached pm.max_children setting (5), consider raising it
[11-Jan-2025 12:05:53] WARNING: [pool www] server reached pm.max_children setting (5), consider raising it
[11-Jan-2025 12:06:13] WARNING: [pool www] server reached pm.max_children setting (5), consider raising it
[11-Jan-2025 12:06:49] WARNING: [pool www] server reached pm.max_children setting (5), consider raising it
[11-Jan-2025 12:07:08] WARNING: [pool www] server reached pm.max_children setting (5), consider raising it
[11-Jan-2025 12:07:26] WARNING: [pool www] server reached pm.max_children setting (5), consider raising it
[11-Jan-2025 12:07:43] WARNING: [pool www] server reached pm.max_children setting (5), consider raising it
[11-Jan-2025 12:08:19] WARNING: [pool www] server reached pm.max_children setting (5), consider raising it
[11-Jan-2025 12:08:36] WARNING: [pool www] server reached pm.max_children setting (5), consider raising it
[11-Jan-2025 12:08:54] WARNING: [pool www] server reached pm.max_children setting (5), consider raising it
[11-Jan-2025 12:09:12] WARNING: [pool www] server reached pm.max_children setting (5), consider raising it
[11-Jan-2025 12:09:31] WARNING: [pool www] server reached pm.max_children setting (5), consider raising it
[11-Jan-2025 12:10:09] WARNING: [pool www] server reached pm.max_children setting (5), consider raising it
[11-Jan-2025 12:10:27] WARNING: [pool www] server reached pm.max_children setting (5), consider raising it
[11-Jan-2025 12:10:45] WARNING: [pool www] server reached pm.max_children setting (5), consider raising it
[11-Jan-2025 12:11:05] WARNING: [pool www] server reached pm.max_children setting (5), consider raising it
[11-Jan-2025 12:11:42] WARNING: [pool www] server reached pm.max_children setting (5), consider raising it
[11-Jan-2025 12:12:00] WARNING: [pool www] server reached pm.max_children setting (5), consider raising it
[11-Jan-2025 12:12:18] WARNING: [pool www] server reached pm.max_children setting (5), consider raising it
[11-Jan-2025 12:12:36] WARNING: [pool www] server reached pm.max_children setting (5), consider raising it
[11-Jan-2025 12:12:58] WARNING: [pool www] server reached pm.max_children setting (5), consider raising it
[11-Jan-2025 12:13:16] WARNING: [pool www] server reached pm.max_children setting (5), consider raising it
[11-Jan-2025 12:13:35] WARNING: [pool www] server reached pm.max_children setting (5), consider raising it
[11-Jan-2025 12:13:54] WARNING: [pool www] server reached pm.max_children setting (5), consider raising it
[11-Jan-2025 12:14:12] WARNING: [pool www] server reached pm.max_children setting (5), consider raising it
[11-Jan-2025 12:14:31] WARNING: [pool www] server reached pm.max_children setting (5), consider raising it
[11-Jan-2025 12:14:49] WARNING: [pool www] server reached pm.max_children setting (5), consider raising it
[11-Jan-2025 12:15:27] WARNING: [pool www] server reached pm.max_children setting (5), consider raising it
[11-Jan-2025 12:16:03] WARNING: [pool www] server reached pm.max_children setting (5), consider raising it
[11-Jan-2025 12:16:18] WARNING: [pool www] server reached pm.max_children setting (5), consider raising it
[11-Jan-2025 12:16:36] WARNING: [pool www] server reached pm.max_children setting (5), consider raising it
[11-Jan-2025 12:16:53] WARNING: [pool www] server reached pm.max_children setting (5), consider raising it
[11-Jan-2025 12:17:11] WARNING: [pool www] server reached pm.max_children setting (5), consider raising it
[11-Jan-2025 12:17:28] WARNING: [pool www] server reached pm.max_children setting (5), consider raising it
[11-Jan-2025 12:17:47] WARNING: [pool www] server reached pm.max_children setting (5), consider raising it
[11-Jan-2025 12:18:03] WARNING: [pool www] server reached pm.max_children setting (5), consider raising it
[11-Jan-2025 12:19:34] WARNING: [pool www] server reached pm.max_children setting (5), consider raising it
[11-Jan-2025 12:19:54] WARNING: [pool www] server reached pm.max_children setting (5), consider raising it
[11-Jan-2025 12:20:13] WARNING: [pool www] server reached pm.max_children setting (5), consider raising it
[11-Jan-2025 12:20:30] WARNING: [pool www] server reached pm.max_children setting (5), consider raising it
[11-Jan-2025 12:20:48] WARNING: [pool www] server reached pm.max_children setting (5), consider raising it
[11-Jan-2025 12:21:25] WARNING: [pool www] server reached pm.max_children setting (5), consider raising it
[11-Jan-2025 12:21:41] WARNING: [pool www] server reached pm.max_children setting (5), consider raising it
[11-Jan-2025 12:21:59] WARNING: [pool www] server reached pm.max_children setting (5), consider raising it
[11-Jan-2025 12:22:17] WARNING: [pool www] server reached pm.max_children setting (5), consider raising it
[11-Jan-2025 12:22:35] WARNING: [pool www] server reached pm.max_children setting (5), consider raising it
[11-Jan-2025 12:22:53] WARNING: [pool www] server reached pm.max_children setting (5), consider raising it
[11-Jan-2025 12:23:28] WARNING: [pool www] server reached pm.max_children setting (5), consider raising it
[11-Jan-2025 12:23:47] WARNING: [pool www] server reached pm.max_children setting (5), consider raising it
[11-Jan-2025 12:24:06] WARNING: [pool www] server reached pm.max_children setting (5), consider raising it
[11-Jan-2025 12:24:23] WARNING: [pool www] server reached pm.max_children setting (5), consider raising it
[11-Jan-2025 12:25:00] WARNING: [pool www] server reached pm.max_children setting (5), consider raising it
[11-Jan-2025 12:25:18] WARNING: [pool www] server reached pm.max_children setting (5), consider raising it
[11-Jan-2025 12:25:39] WARNING: [pool www] server reached pm.max_children setting (5), consider raising it
[11-Jan-2025 12:25:58] WARNING: [pool www] server reached pm.max_children setting (5), consider raising it
[11-Jan-2025 12:26:37] WARNING: [pool www] server reached pm.max_children setting (5), consider raising it
[11-Jan-2025 12:27:12] WARNING: [pool www] server reached pm.max_children setting (5), consider raising it
[11-Jan-2025 12:27:50] WARNING: [pool www] server reached pm.max_children setting (5), consider raising it
[11-Jan-2025 12:28:09] WARNING: [pool www] server reached pm.max_children setting (5), consider raising it
[11-Jan-2025 12:28:26] WARNING: [pool www] server reached pm.max_children setting (5), consider raising it
[11-Jan-2025 12:28:43] WARNING: [pool www] server reached pm.max_children setting (5), consider raising it
[11-Jan-2025 12:29:03] WARNING: [pool www] server reached pm.max_children setting (5), consider raising it
[11-Jan-2025 12:29:21] WARNING: [pool www] server reached pm.max_children setting (5), consider raising it
[11-Jan-2025 12:29:39] WARNING: [pool www] server reached pm.max_children setting (5), consider raising it
[11-Jan-2025 12:30:01] WARNING: [pool www] server reached pm.max_children setting (5), consider raising it
[11-Jan-2025 12:30:21] WARNING: [pool www] server reached pm.max_children setting (5), consider raising it
[11-Jan-2025 12:30:39] WARNING: [pool www] server reached pm.max_children setting (5), consider raising it
[11-Jan-2025 12:30:56] WARNING: [pool www] server reached pm.max_children setting (5), consider raising it
[11-Jan-2025 12:31:33] WARNING: [pool www] server reached pm.max_children setting (5), consider raising it
[11-Jan-2025 12:31:53] WARNING: [pool www] server reached pm.max_children setting (5), consider raising it
[11-Jan-2025 12:32:11] WARNING: [pool www] server reached pm.max_children setting (5), consider raising it
[11-Jan-2025 12:32:28] WARNING: [pool www] server reached pm.max_children setting (5), consider raising it
[11-Jan-2025 12:32:46] WARNING: [pool www] server reached pm.max_children setting (5), consider raising it
[11-Jan-2025 12:33:05] WARNING: [pool www] server reached pm.max_children setting (5), consider raising it
[11-Jan-2025 12:33:24] WARNING: [pool www] server reached pm.max_children setting (5), consider raising it
[11-Jan-2025 12:33:41] WARNING: [pool www] server reached pm.max_children setting (5), consider raising it
[11-Jan-2025 12:33:58] WARNING: [pool www] server reached pm.max_children setting (5), consider raising it
[11-Jan-2025 12:34:15] WARNING: [pool www] server reached pm.max_children setting (5), consider raising it
[11-Jan-2025 12:34:32] WARNING: [pool www] server reached pm.max_children setting (5), consider raising it
[11-Jan-2025 12:34:50] WARNING: [pool www] server reached pm.max_children setting (5), consider raising it
[11-Jan-2025 12:35:09] WARNING: [pool www] server reached pm.max_children setting (5), consider raising it
[11-Jan-2025 12:35:30] WARNING: [pool www] server reached pm.max_children setting (5), consider raising it
[11-Jan-2025 12:35:49] WARNING: [pool www] server reached pm.max_children setting (5), consider raising it
[11-Jan-2025 12:36:07] WARNING: [pool www] server reached pm.max_children setting (5), consider raising it
[11-Jan-2025 12:36:24] WARNING: [pool www] server reached pm.max_children setting (5), consider raising it
[11-Jan-2025 12:36:42] WARNING: [pool www] server reached pm.max_children setting (5), consider raising it
[11-Jan-2025 12:37:02] WARNING: [pool www] server reached pm.max_children setting (5), consider raising it
[11-Jan-2025 12:37:39] WARNING: [pool www] server reached pm.max_children setting (5), consider raising it
[11-Jan-2025 12:37:57] WARNING: [pool www] server reached pm.max_children setting (5), consider raising it
[11-Jan-2025 12:38:15] WARNING: [pool www] server reached pm.max_children setting (5), consider raising it
[11-Jan-2025 12:38:32] WARNING: [pool www] server reached pm.max_children setting (5), consider raising it
[11-Jan-2025 12:38:49] WARNING: [pool www] server reached pm.max_children setting (5), consider raising it
[11-Jan-2025 12:39:24] WARNING: [pool www] server reached pm.max_children setting (5), consider raising it
[11-Jan-2025 12:40:29] WARNING: [pool www] server reached pm.max_children setting (5), consider raising it
[11-Jan-2025 12:40:49] WARNING: [pool www] server reached pm.max_children setting (5), consider raising it
[11-Jan-2025 12:41:07] WARNING: [pool www] server reached pm.max_children setting (5), consider raising it
[11-Jan-2025 12:41:26] WARNING: [pool www] server reached pm.max_children setting (5), consider raising it
[11-Jan-2025 12:42:01] WARNING: [pool www] server reached pm.max_children setting (5), consider raising it
[11-Jan-2025 12:42:52] WARNING: [pool www] server reached pm.max_children setting (5), consider raising it
[11-Jan-2025 12:43:10] WARNING: [pool www] server reached pm.max_children setting (5), consider raising it
[11-Jan-2025 12:43:28] WARNING: [pool www] server reached pm.max_children setting (5), consider raising it
[11-Jan-2025 12:43:47] WARNING: [pool www] server reached pm.max_children setting (5), consider raising it
[11-Jan-2025 12:44:05] WARNING: [pool www] server reached pm.max_children setting (5), consider raising it
[11-Jan-2025 12:44:44] WARNING: [pool www] server reached pm.max_children setting (5), consider raising it
[11-Jan-2025 12:45:03] WARNING: [pool www] server reached pm.max_children setting (5), consider raising it
[11-Jan-2025 12:45:24] WARNING: [pool www] server reached pm.max_children setting (5), consider raising it
[11-Jan-2025 12:45:42] WARNING: [pool www] server reached pm.max_children setting (5), consider raising it
[11-Jan-2025 12:46:40] WARNING: [pool www] server reached pm.max_children setting (5), consider raising it
[11-Jan-2025 12:47:36] WARNING: [pool www] server reached pm.max_children setting (5), consider raising it
[11-Jan-2025 12:48:32] WARNING: [pool www] server reached pm.max_children setting (5), consider raising it
[11-Jan-2025 12:49:10] WARNING: [pool www] server reached pm.max_children setting (5), consider raising it
[11-Jan-2025 12:49:29] WARNING: [pool www] server reached pm.max_children setting (5), consider raising it
[11-Jan-2025 12:49:48] WARNING: [pool www] server reached pm.max_children setting (5), consider raising it
[11-Jan-2025 12:50:28] WARNING: [pool www] server reached pm.max_children setting (5), consider raising it
[11-Jan-2025 12:50:47] WARNING: [pool www] server reached pm.max_children setting (5), consider raising it
[11-Jan-2025 12:51:06] WARNING: [pool www] server reached pm.max_children setting (5), consider raising it
[11-Jan-2025 12:52:04] WARNING: [pool www] server reached pm.max_children setting (5), consider raising it
[11-Jan-2025 12:52:23] WARNING: [pool www] server reached pm.max_children setting (5), consider raising it
[11-Jan-2025 12:52:40] WARNING: [pool www] server reached pm.max_children setting (5), consider raising it
[11-Jan-2025 12:52:57] WARNING: [pool www] server reached pm.max_children setting (5), consider raising it
[11-Jan-2025 12:53:50] WARNING: [pool www] server reached pm.max_children setting (5), consider raising it
[11-Jan-2025 12:54:09] WARNING: [pool www] server reached pm.max_children setting (5), consider raising it
[11-Jan-2025 12:54:27] WARNING: [pool www] server reached pm.max_children setting (5), consider raising it
[11-Jan-2025 12:54:47] WARNING: [pool www] server reached pm.max_children setting (5), consider raising it
[11-Jan-2025 12:56:02] WARNING: [pool www] server reached pm.max_children setting (5), consider raising it
[11-Jan-2025 12:56:21] WARNING: [pool www] server reached pm.max_children setting (5), consider raising it
[11-Jan-2025 12:56:59] WARNING: [pool www] server reached pm.max_children setting (5), consider raising it
[11-Jan-2025 12:57:37] WARNING: [pool www] server reached pm.max_children setting (5), consider raising it
[11-Jan-2025 12:57:55] WARNING: [pool www] server reached pm.max_children setting (5), consider raising it
[11-Jan-2025 12:59:05] WARNING: [pool www] server reached pm.max_children setting (5), consider raising it
[11-Jan-2025 13:00:17] WARNING: [pool www] server reached pm.max_children setting (5), consider raising it
[11-Jan-2025 13:00:53] WARNING: [pool www] server reached pm.max_children setting (5), consider raising it
[11-Jan-2025 13:01:10] WARNING: [pool www] server reached pm.max_children setting (5), consider raising it
[11-Jan-2025 13:01:28] WARNING: [pool www] server reached pm.max_children setting (5), consider raising it
[11-Jan-2025 13:01:46] WARNING: [pool www] server reached pm.max_children setting (5), consider raising it
[11-Jan-2025 13:02:04] WARNING: [pool www] server reached pm.max_children setting (5), consider raising it
[11-Jan-2025 13:02:40] WARNING: [pool www] server reached pm.max_children setting (5), consider raising it
[11-Jan-2025 13:02:57] WARNING: [pool www] server reached pm.max_children setting (5), consider raising it
[11-Jan-2025 13:03:16] WARNING: [pool www] server reached pm.max_children setting (5), consider raising it
[11-Jan-2025 13:03:33] WARNING: [pool www] server reached pm.max_children setting (5), consider raising it
[11-Jan-2025 13:04:47] WARNING: [pool www] server reached pm.max_children setting (5), consider raising it
[11-Jan-2025 13:05:06] WARNING: [pool www] server reached pm.max_children setting (5), consider raising it
[11-Jan-2025 13:05:26] WARNING: [pool www] server reached pm.max_children setting (5), consider raising it
[11-Jan-2025 13:05:47] WARNING: [pool www] server reached pm.max_children setting (5), consider raising it
[11-Jan-2025 13:06:05] WARNING: [pool www] server reached pm.max_children setting (5), consider raising it
[11-Jan-2025 13:06:23] WARNING: [pool www] server reached pm.max_children setting (5), consider raising it
[11-Jan-2025 13:06:58] WARNING: [pool www] server reached pm.max_children setting (5), consider raising it
[11-Jan-2025 13:07:16] WARNING: [pool www] server reached pm.max_children setting (5), consider raising it
[11-Jan-2025 13:07:34] WARNING: [pool www] server reached pm.max_children setting (5), consider raising it
[11-Jan-2025 13:07:54] WARNING: [pool www] server reached pm.max_children setting (5), consider raising it
[11-Jan-2025 13:08:13] WARNING: [pool www] server reached pm.max_children setting (5), consider raising it
[11-Jan-2025 13:08:33] WARNING: [pool www] server reached pm.max_children setting (5), consider raising it
[11-Jan-2025 13:08:53] WARNING: [pool www] server reached pm.max_children setting (5), consider raising it
[11-Jan-2025 13:09:12] WARNING: [pool www] server reached pm.max_children setting (5), consider raising it
[11-Jan-2025 13:10:12] WARNING: [pool www] server reached pm.max_children setting (5), consider raising it
[11-Jan-2025 13:12:42] WARNING: [pool www] server reached pm.max_children setting (5), consider raising it
[11-Jan-2025 13:12:59] WARNING: [pool www] server reached pm.max_children setting (5), consider raising it
[11-Jan-2025 13:13:15] WARNING: [pool www] server reached pm.max_children setting (5), consider raising it
[11-Jan-2025 13:13:49] WARNING: [pool www] server reached pm.max_children setting (5), consider raising it
[11-Jan-2025 13:15:29] WARNING: [pool www] server reached pm.max_children setting (5), consider raising it
[11-Jan-2025 13:15:46] WARNING: [pool www] server reached pm.max_children setting (5), consider raising it
[11-Jan-2025 13:16:03] WARNING: [pool www] server reached pm.max_children setting (5), consider raising it
[11-Jan-2025 13:16:20] WARNING: [pool www] server reached pm.max_children setting (5), consider raising it
[11-Jan-2025 13:16:38] WARNING: [pool www] server reached pm.max_children setting (5), consider raising it
[11-Jan-2025 13:16:55] WARNING: [pool www] server reached pm.max_children setting (5), consider raising it
[11-Jan-2025 13:17:28] WARNING: [pool www] server reached pm.max_children setting (5), consider raising it
[11-Jan-2025 13:17:45] WARNING: [pool www] server reached pm.max_children setting (5), consider raising it
[11-Jan-2025 13:18:35] WARNING: [pool www] server reached pm.max_children setting (5), consider raising it
[11-Jan-2025 13:19:10] WARNING: [pool www] server reached pm.max_children setting (5), consider raising it
[11-Jan-2025 13:19:27] WARNING: [pool www] server reached pm.max_children setting (5), consider raising it
[11-Jan-2025 13:20:01] WARNING: [pool www] server reached pm.max_children setting (5), consider raising it
[11-Jan-2025 13:21:09] WARNING: [pool www] server reached pm.max_children setting (5), consider raising it
[11-Jan-2025 13:21:25] WARNING: [pool www] server reached pm.max_children setting (5), consider raising it
[11-Jan-2025 13:21:59] WARNING: [pool www] server reached pm.max_children setting (5), consider raising it
[11-Jan-2025 13:22:33] WARNING: [pool www] server reached pm.max_children setting (5), consider raising it
[11-Jan-2025 13:22:49] WARNING: [pool www] server reached pm.max_children setting (5), consider raising it
[11-Jan-2025 13:23:20] WARNING: [pool www] server reached pm.max_children setting (5), consider raising it
[11-Jan-2025 13:23:36] WARNING: [pool www] server reached pm.max_children setting (5), consider raising it
[11-Jan-2025 13:23:52] WARNING: [pool www] server reached pm.max_children setting (5), consider raising it
[11-Jan-2025 13:24:54] WARNING: [pool www] server reached pm.max_children setting (5), consider raising it
[11-Jan-2025 13:25:24] WARNING: [pool www] server reached pm.max_children setting (5), consider raising it
[11-Jan-2025 13:25:55] WARNING: [pool www] server reached pm.max_children setting (5), consider raising it
[11-Jan-2025 13:26:25] WARNING: [pool www] server reached pm.max_children setting (5), consider raising it
[11-Jan-2025 13:26:56] WARNING: [pool www] server reached pm.max_children setting (5), consider raising it
[12-Jan-2025 07:14:00] WARNING: [pool www] server reached pm.max_children setting (5), consider raising it
[12-Jan-2025 07:14:18] WARNING: [pool www] server reached pm.max_children setting (5), consider raising it
[12-Jan-2025 07:14:40] WARNING: [pool www] server reached pm.max_children setting (5), consider raising it
[12-Jan-2025 07:14:52] WARNING: [pool www] server reached pm.max_children setting (5), consider raising it
[12-Jan-2025 07:15:10] WARNING: [pool www] server reached pm.max_children setting (5), consider raising it
[12-Jan-2025 07:15:28] WARNING: [pool www] server reached pm.max_children setting (5), consider raising it
[12-Jan-2025 07:15:46] WARNING: [pool www] server reached pm.max_children setting (5), consider raising it
[12-Jan-2025 07:16:02] WARNING: [pool www] server reached pm.max_children setting (5), consider raising it
[12-Jan-2025 07:17:08] WARNING: [pool www] server reached pm.max_children setting (5), consider raising it
[12-Jan-2025 07:17:25] WARNING: [pool www] server reached pm.max_children setting (5), consider raising it
[12-Jan-2025 07:17:57] WARNING: [pool www] server reached pm.max_children setting (5), consider raising it
[12-Jan-2025 07:18:14] WARNING: [pool www] server reached pm.max_children setting (5), consider raising it
[12-Jan-2025 07:18:49] WARNING: [pool www] server reached pm.max_children setting (5), consider raising it
[12-Jan-2025 07:26:11] WARNING: [pool www] server reached pm.max_children setting (5), consider raising it
[12-Jan-2025 07:26:41] WARNING: [pool www] server reached pm.max_children setting (5), consider raising it
[12-Jan-2025 07:28:25] WARNING: [pool www] server reached pm.max_children setting (5), consider raising it
[12-Jan-2025 07:28:43] WARNING: [pool www] server reached pm.max_children setting (5), consider raising it
[12-Jan-2025 07:29:35] WARNING: [pool www] server reached pm.max_children setting (5), consider raising it
[12-Jan-2025 07:30:10] WARNING: [pool www] server reached pm.max_children setting (5), consider raising it
[12-Jan-2025 07:30:27] WARNING: [pool www] server reached pm.max_children setting (5), consider raising it
[12-Jan-2025 07:31:01] WARNING: [pool www] server reached pm.max_children setting (5), consider raising it
[12-Jan-2025 07:31:39] WARNING: [pool www] server reached pm.max_children setting (5), consider raising it
[12-Jan-2025 07:32:13] WARNING: [pool www] server reached pm.max_children setting (5), consider raising it
[12-Jan-2025 07:33:23] WARNING: [pool www] server reached pm.max_children setting (5), consider raising it
[12-Jan-2025 07:33:40] WARNING: [pool www] server reached pm.max_children setting (5), consider raising it
[12-Jan-2025 07:33:57] WARNING: [pool www] server reached pm.max_children setting (5), consider raising it
[12-Jan-2025 07:34:15] WARNING: [pool www] server reached pm.max_children setting (5), consider raising it
[12-Jan-2025 07:34:32] WARNING: [pool www] server reached pm.max_children setting (5), consider raising it
[12-Jan-2025 07:34:51] WARNING: [pool www] server reached pm.max_children setting (5), consider raising it
[12-Jan-2025 07:35:57] WARNING: [pool www] server reached pm.max_children setting (5), consider raising it
[12-Jan-2025 07:36:21] WARNING: [pool www] server reached pm.max_children setting (5), consider raising it
[12-Jan-2025 07:37:13] WARNING: [pool www] server reached pm.max_children setting (5), consider raising it
[12-Jan-2025 07:38:06] WARNING: [pool www] server reached pm.max_children setting (5), consider raising it
[12-Jan-2025 07:38:25] WARNING: [pool www] server reached pm.max_children setting (5), consider raising it
[12-Jan-2025 07:39:00] WARNING: [pool www] server reached pm.max_children setting (5), consider raising it
[12-Jan-2025 07:39:17] WARNING: [pool www] server reached pm.max_children setting (5), consider raising it
[12-Jan-2025 07:39:36] WARNING: [pool www] server reached pm.max_children setting (5), consider raising it
[12-Jan-2025 07:40:13] WARNING: [pool www] server reached pm.max_children setting (5), consider raising it
[12-Jan-2025 07:40:31] WARNING: [pool www] server reached pm.max_children setting (5), consider raising it
[12-Jan-2025 07:40:48] WARNING: [pool www] server reached pm.max_children setting (5), consider raising it
[12-Jan-2025 07:41:07] WARNING: [pool www] server reached pm.max_children setting (5), consider raising it
[12-Jan-2025 07:41:42] WARNING: [pool www] server reached pm.max_children setting (5), consider raising it
[12-Jan-2025 07:42:00] WARNING: [pool www] server reached pm.max_children setting (5), consider raising it
[12-Jan-2025 07:42:36] WARNING: [pool www] server reached pm.max_children setting (5), consider raising it
[12-Jan-2025 07:42:54] WARNING: [pool www] server reached pm.max_children setting (5), consider raising it
[12-Jan-2025 07:43:13] WARNING: [pool www] server reached pm.max_children setting (5), consider raising it
[12-Jan-2025 07:44:06] WARNING: [pool www] server reached pm.max_children setting (5), consider raising it
[12-Jan-2025 07:44:23] WARNING: [pool www] server reached pm.max_children setting (5), consider raising it
[12-Jan-2025 07:44:43] WARNING: [pool www] server reached pm.max_children setting (5), consider raising it
[12-Jan-2025 07:45:00] WARNING: [pool www] server reached pm.max_children setting (5), consider raising it
[12-Jan-2025 07:45:36] WARNING: [pool www] server reached pm.max_children setting (5), consider raising it
[12-Jan-2025 07:45:54] WARNING: [pool www] server reached pm.max_children setting (5), consider raising it
[12-Jan-2025 07:46:12] WARNING: [pool www] server reached pm.max_children setting (5), consider raising it
[12-Jan-2025 07:46:29] WARNING: [pool www] server reached pm.max_children setting (5), consider raising it
[12-Jan-2025 07:46:50] WARNING: [pool www] server reached pm.max_children setting (5), consider raising it
[12-Jan-2025 07:47:08] WARNING: [pool www] server reached pm.max_children setting (5), consider raising it
[12-Jan-2025 07:48:01] WARNING: [pool www] server reached pm.max_children setting (5), consider raising it
[12-Jan-2025 07:48:20] WARNING: [pool www] server reached pm.max_children setting (5), consider raising it
[12-Jan-2025 07:48:38] WARNING: [pool www] server reached pm.max_children setting (5), consider raising it
[12-Jan-2025 07:48:56] WARNING: [pool www] server reached pm.max_children setting (5), consider raising it
[12-Jan-2025 07:49:14] WARNING: [pool www] server reached pm.max_children setting (5), consider raising it
[12-Jan-2025 07:49:31] WARNING: [pool www] server reached pm.max_children setting (5), consider raising it
[12-Jan-2025 07:49:49] WARNING: [pool www] server reached pm.max_children setting (5), consider raising it
[12-Jan-2025 07:50:26] WARNING: [pool www] server reached pm.max_children setting (5), consider raising it
[12-Jan-2025 07:50:43] WARNING: [pool www] server reached pm.max_children setting (5), consider raising it
[12-Jan-2025 07:51:40] WARNING: [pool www] server reached pm.max_children setting (5), consider raising it
[12-Jan-2025 07:52:29] WARNING: [pool www] server reached pm.max_children setting (5), consider raising it
[12-Jan-2025 07:52:48] WARNING: [pool www] server reached pm.max_children setting (5), consider raising it
[12-Jan-2025 07:53:07] WARNING: [pool www] server reached pm.max_children setting (5), consider raising it
[12-Jan-2025 07:53:25] WARNING: [pool www] server reached pm.max_children setting (5), consider raising it
[12-Jan-2025 07:54:29] WARNING: [pool www] server reached pm.max_children setting (5), consider raising it
[12-Jan-2025 07:55:48] WARNING: [pool www] server reached pm.max_children setting (5), consider raising it
[12-Jan-2025 07:56:24] WARNING: [pool www] server reached pm.max_children setting (5), consider raising it
[12-Jan-2025 07:56:42] WARNING: [pool www] server reached pm.max_children setting (5), consider raising it
[12-Jan-2025 07:57:21] WARNING: [pool www] server reached pm.max_children setting (5), consider raising it
[12-Jan-2025 07:57:40] WARNING: [pool www] server reached pm.max_children setting (5), consider raising it
[12-Jan-2025 07:57:59] WARNING: [pool www] server reached pm.max_children setting (5), consider raising it
[12-Jan-2025 07:58:19] WARNING: [pool www] server reached pm.max_children setting (5), consider raising it
[12-Jan-2025 07:58:38] WARNING: [pool www] server reached pm.max_children setting (5), consider raising it
[12-Jan-2025 07:58:57] WARNING: [pool www] server reached pm.max_children setting (5), consider raising it
[12-Jan-2025 07:59:16] WARNING: [pool www] server reached pm.max_children setting (5), consider raising it
[12-Jan-2025 07:59:36] WARNING: [pool www] server reached pm.max_children setting (5), consider raising it
[12-Jan-2025 07:59:54] WARNING: [pool www] server reached pm.max_children setting (5), consider raising it
[12-Jan-2025 08:00:31] WARNING: [pool www] server reached pm.max_children setting (5), consider raising it
[12-Jan-2025 08:00:49] WARNING: [pool www] server reached pm.max_children setting (5), consider raising it
[12-Jan-2025 08:01:48] WARNING: [pool www] server reached pm.max_children setting (5), consider raising it
[12-Jan-2025 08:02:08] WARNING: [pool www] server reached pm.max_children setting (5), consider raising it
[12-Jan-2025 08:02:27] WARNING: [pool www] server reached pm.max_children setting (5), consider raising it
[12-Jan-2025 08:02:50] WARNING: [pool www] server reached pm.max_children setting (5), consider raising it
[12-Jan-2025 08:03:02] WARNING: [pool www] server reached pm.max_children setting (5), consider raising it
[12-Jan-2025 08:03:34] WARNING: [pool www] server reached pm.max_children setting (5), consider raising it
[12-Jan-2025 08:03:53] WARNING: [pool www] server reached pm.max_children setting (5), consider raising it
[12-Jan-2025 08:04:11] WARNING: [pool www] server reached pm.max_children setting (5), consider raising it
[12-Jan-2025 08:04:29] WARNING: [pool www] server reached pm.max_children setting (5), consider raising it
[12-Jan-2025 08:04:48] WARNING: [pool www] server reached pm.max_children setting (5), consider raising it
[12-Jan-2025 08:05:28] WARNING: [pool www] server reached pm.max_children setting (5), consider raising it
[12-Jan-2025 08:05:47] WARNING: [pool www] server reached pm.max_children setting (5), consider raising it
[12-Jan-2025 08:06:07] WARNING: [pool www] server reached pm.max_children setting (5), consider raising it
[12-Jan-2025 08:06:25] WARNING: [pool www] server reached pm.max_children setting (5), consider raising it
[12-Jan-2025 08:06:44] WARNING: [pool www] server reached pm.max_children setting (5), consider raising it
[12-Jan-2025 08:07:04] WARNING: [pool www] server reached pm.max_children setting (5), consider raising it
[12-Jan-2025 08:07:22] WARNING: [pool www] server reached pm.max_children setting (5), consider raising it
[12-Jan-2025 08:07:42] WARNING: [pool www] server reached pm.max_children setting (5), consider raising it
[12-Jan-2025 08:08:01] WARNING: [pool www] server reached pm.max_children setting (5), consider raising it
[12-Jan-2025 08:08:19] WARNING: [pool www] server reached pm.max_children setting (5), consider raising it
[12-Jan-2025 08:08:38] WARNING: [pool www] server reached pm.max_children setting (5), consider raising it
[12-Jan-2025 08:08:58] WARNING: [pool www] server reached pm.max_children setting (5), consider raising it
[12-Jan-2025 08:09:17] WARNING: [pool www] server reached pm.max_children setting (5), consider raising it
[12-Jan-2025 08:09:36] WARNING: [pool www] server reached pm.max_children setting (5), consider raising it
[12-Jan-2025 08:10:12] WARNING: [pool www] server reached pm.max_children setting (5), consider raising it
[12-Jan-2025 08:10:31] WARNING: [pool www] server reached pm.max_children setting (5), consider raising it
[12-Jan-2025 08:11:29] WARNING: [pool www] server reached pm.max_children setting (5), consider raising it
[12-Jan-2025 08:11:48] WARNING: [pool www] server reached pm.max_children setting (5), consider raising it
[12-Jan-2025 08:12:08] WARNING: [pool www] server reached pm.max_children setting (5), consider raising it
[12-Jan-2025 08:12:29] WARNING: [pool www] server reached pm.max_children setting (5), consider raising it
[12-Jan-2025 08:12:49] WARNING: [pool www] server reached pm.max_children setting (5), consider raising it
[12-Jan-2025 08:13:08] WARNING: [pool www] server reached pm.max_children setting (5), consider raising it
[12-Jan-2025 08:13:27] WARNING: [pool www] server reached pm.max_children setting (5), consider raising it
[12-Jan-2025 08:13:45] WARNING: [pool www] server reached pm.max_children setting (5), consider raising it
[12-Jan-2025 08:14:03] WARNING: [pool www] server reached pm.max_children setting (5), consider raising it
[12-Jan-2025 08:14:21] WARNING: [pool www] server reached pm.max_children setting (5), consider raising it
[12-Jan-2025 08:15:10] WARNING: [pool www] server reached pm.max_children setting (5), consider raising it
[12-Jan-2025 08:15:59] WARNING: [pool www] server reached pm.max_children setting (5), consider raising it
[12-Jan-2025 08:16:17] WARNING: [pool www] server reached pm.max_children setting (5), consider raising it
[12-Jan-2025 08:16:36] WARNING: [pool www] server reached pm.max_children setting (5), consider raising it
[12-Jan-2025 08:17:15] WARNING: [pool www] server reached pm.max_children setting (5), consider raising it
[12-Jan-2025 08:17:33] WARNING: [pool www] server reached pm.max_children setting (5), consider raising it
[12-Jan-2025 08:17:51] WARNING: [pool www] server reached pm.max_children setting (5), consider raising it
[12-Jan-2025 08:18:09] WARNING: [pool www] server reached pm.max_children setting (5), consider raising it
[12-Jan-2025 08:18:28] WARNING: [pool www] server reached pm.max_children setting (5), consider raising it
[12-Jan-2025 08:18:46] WARNING: [pool www] server reached pm.max_children setting (5), consider raising it
[12-Jan-2025 08:19:04] WARNING: [pool www] server reached pm.max_children setting (5), consider raising it
[12-Jan-2025 08:19:22] WARNING: [pool www] server reached pm.max_children setting (5), consider raising it
[12-Jan-2025 08:19:43] WARNING: [pool www] server reached pm.max_children setting (5), consider raising it
[12-Jan-2025 08:20:01] WARNING: [pool www] server reached pm.max_children setting (5), consider raising it
[12-Jan-2025 08:20:38] WARNING: [pool www] server reached pm.max_children setting (5), consider raising it
[12-Jan-2025 08:20:58] WARNING: [pool www] server reached pm.max_children setting (5), consider raising it
[12-Jan-2025 08:21:16] WARNING: [pool www] server reached pm.max_children setting (5), consider raising it
[12-Jan-2025 08:21:34] WARNING: [pool www] server reached pm.max_children setting (5), consider raising it
[12-Jan-2025 08:21:53] WARNING: [pool www] server reached pm.max_children setting (5), consider raising it
[12-Jan-2025 08:22:11] WARNING: [pool www] server reached pm.max_children setting (5), consider raising it
[12-Jan-2025 08:22:29] WARNING: [pool www] server reached pm.max_children setting (5), consider raising it
[12-Jan-2025 08:22:47] WARNING: [pool www] server reached pm.max_children setting (5), consider raising it
[12-Jan-2025 08:23:05] WARNING: [pool www] server reached pm.max_children setting (5), consider raising it
[12-Jan-2025 08:23:24] WARNING: [pool www] server reached pm.max_children setting (5), consider raising it
[12-Jan-2025 08:23:42] WARNING: [pool www] server reached pm.max_children setting (5), consider raising it
[12-Jan-2025 08:24:00] WARNING: [pool www] server reached pm.max_children setting (5), consider raising it
[12-Jan-2025 08:24:18] WARNING: [pool www] server reached pm.max_children setting (5), consider raising it
[12-Jan-2025 08:24:36] WARNING: [pool www] server reached pm.max_children setting (5), consider raising it
[12-Jan-2025 08:24:54] WARNING: [pool www] server reached pm.max_children setting (5), consider raising it
[12-Jan-2025 08:25:31] WARNING: [pool www] server reached pm.max_children setting (5), consider raising it
[12-Jan-2025 08:26:09] WARNING: [pool www] server reached pm.max_children setting (5), consider raising it
[12-Jan-2025 08:26:27] WARNING: [pool www] server reached pm.max_children setting (5), consider raising it
[12-Jan-2025 08:27:02] WARNING: [pool www] server reached pm.max_children setting (5), consider raising it
[12-Jan-2025 08:27:19] WARNING: [pool www] server reached pm.max_children setting (5), consider raising it
[12-Jan-2025 08:27:37] WARNING: [pool www] server reached pm.max_children setting (5), consider raising it
[12-Jan-2025 08:27:55] WARNING: [pool www] server reached pm.max_children setting (5), consider raising it
[12-Jan-2025 08:28:13] WARNING: [pool www] server reached pm.max_children setting (5), consider raising it
[12-Jan-2025 08:28:30] WARNING: [pool www] server reached pm.max_children setting (5), consider raising it
[12-Jan-2025 08:28:47] WARNING: [pool www] server reached pm.max_children setting (5), consider raising it
[12-Jan-2025 08:29:04] WARNING: [pool www] server reached pm.max_children setting (5), consider raising it
[12-Jan-2025 08:29:55] WARNING: [pool www] server reached pm.max_children setting (5), consider raising it
[12-Jan-2025 08:30:30] WARNING: [pool www] server reached pm.max_children setting (5), consider raising it
[12-Jan-2025 08:30:47] WARNING: [pool www] server reached pm.max_children setting (5), consider raising it
[12-Jan-2025 08:31:05] WARNING: [pool www] server reached pm.max_children setting (5), consider raising it
[12-Jan-2025 08:31:22] WARNING: [pool www] server reached pm.max_children setting (5), consider raising it
[12-Jan-2025 08:31:56] WARNING: [pool www] server reached pm.max_children setting (5), consider raising it
[12-Jan-2025 08:32:48] WARNING: [pool www] server reached pm.max_children setting (5), consider raising it
[12-Jan-2025 08:33:05] WARNING: [pool www] server reached pm.max_children setting (5), consider raising it
[12-Jan-2025 08:33:57] WARNING: [pool www] server reached pm.max_children setting (5), consider raising it
[12-Jan-2025 08:34:14] WARNING: [pool www] server reached pm.max_children setting (5), consider raising it
[12-Jan-2025 08:34:32] WARNING: [pool www] server reached pm.max_children setting (5), consider raising it
[12-Jan-2025 08:34:48] WARNING: [pool www] server reached pm.max_children setting (5), consider raising it
[12-Jan-2025 08:35:23] WARNING: [pool www] server reached pm.max_children setting (5), consider raising it
[12-Jan-2025 08:36:15] WARNING: [pool www] server reached pm.max_children setting (5), consider raising it
[12-Jan-2025 08:36:32] WARNING: [pool www] server reached pm.max_children setting (5), consider raising it
[12-Jan-2025 08:36:50] WARNING: [pool www] server reached pm.max_children setting (5), consider raising it
[12-Jan-2025 08:37:23] WARNING: [pool www] server reached pm.max_children setting (5), consider raising it
[12-Jan-2025 08:37:40] WARNING: [pool www] server reached pm.max_children setting (5), consider raising it
[12-Jan-2025 08:38:14] WARNING: [pool www] server reached pm.max_children setting (5), consider raising it
[12-Jan-2025 08:38:30] WARNING: [pool www] server reached pm.max_children setting (5), consider raising it
[12-Jan-2025 08:38:47] WARNING: [pool www] server reached pm.max_children setting (5), consider raising it
[12-Jan-2025 08:39:22] WARNING: [pool www] server reached pm.max_children setting (5), consider raising it
[12-Jan-2025 08:39:56] WARNING: [pool www] server reached pm.max_children setting (5), consider raising it
[12-Jan-2025 08:40:13] WARNING: [pool www] server reached pm.max_children setting (5), consider raising it
[12-Jan-2025 08:40:30] WARNING: [pool www] server reached pm.max_children setting (5), consider raising it
[12-Jan-2025 08:40:47] WARNING: [pool www] server reached pm.max_children setting (5), consider raising it
[12-Jan-2025 08:41:05] WARNING: [pool www] server reached pm.max_children setting (5), consider raising it
[12-Jan-2025 08:41:39] WARNING: [pool www] server reached pm.max_children setting (5), consider raising it
[12-Jan-2025 08:41:56] WARNING: [pool www] server reached pm.max_children setting (5), consider raising it
[12-Jan-2025 08:42:30] WARNING: [pool www] server reached pm.max_children setting (5), consider raising it
[12-Jan-2025 08:42:47] WARNING: [pool www] server reached pm.max_children setting (5), consider raising it
[12-Jan-2025 08:43:21] WARNING: [pool www] server reached pm.max_children setting (5), consider raising it
[12-Jan-2025 08:43:38] WARNING: [pool www] server reached pm.max_children setting (5), consider raising it
[12-Jan-2025 08:44:12] WARNING: [pool www] server reached pm.max_children setting (5), consider raising it
[12-Jan-2025 08:44:29] WARNING: [pool www] server reached pm.max_children setting (5), consider raising it
[12-Jan-2025 08:45:04] WARNING: [pool www] server reached pm.max_children setting (5), consider raising it
[12-Jan-2025 08:45:21] WARNING: [pool www] server reached pm.max_children setting (5), consider raising it
[12-Jan-2025 08:45:38] WARNING: [pool www] server reached pm.max_children setting (5), consider raising it
[12-Jan-2025 08:45:55] WARNING: [pool www] server reached pm.max_children setting (5), consider raising it
[12-Jan-2025 08:46:12] WARNING: [pool www] server reached pm.max_children setting (5), consider raising it
[12-Jan-2025 08:46:49] WARNING: [pool www] server reached pm.max_children setting (5), consider raising it
[12-Jan-2025 08:47:05] WARNING: [pool www] server reached pm.max_children setting (5), consider raising it
[12-Jan-2025 08:47:22] WARNING: [pool www] server reached pm.max_children setting (5), consider raising it
[12-Jan-2025 08:47:38] WARNING: [pool www] server reached pm.max_children setting (5), consider raising it
[12-Jan-2025 08:47:54] WARNING: [pool www] server reached pm.max_children setting (5), consider raising it
[12-Jan-2025 08:48:29] WARNING: [pool www] server reached pm.max_children setting (5), consider raising it
[12-Jan-2025 08:49:33] WARNING: [pool www] server reached pm.max_children setting (5), consider raising it
[12-Jan-2025 08:50:06] WARNING: [pool www] server reached pm.max_children setting (5), consider raising it
[12-Jan-2025 08:50:38] WARNING: [pool www] server reached pm.max_children setting (5), consider raising it
[12-Jan-2025 08:50:54] WARNING: [pool www] server reached pm.max_children setting (5), consider raising it
[12-Jan-2025 08:51:26] WARNING: [pool www] server reached pm.max_children setting (5), consider raising it
[12-Jan-2025 08:51:43] WARNING: [pool www] server reached pm.max_children setting (5), consider raising it
[12-Jan-2025 08:51:59] WARNING: [pool www] server reached pm.max_children setting (5), consider raising it
[12-Jan-2025 08:52:15] WARNING: [pool www] server reached pm.max_children setting (5), consider raising it
[12-Jan-2025 08:52:31] WARNING: [pool www] server reached pm.max_children setting (5), consider raising it
[12-Jan-2025 08:53:05] WARNING: [pool www] server reached pm.max_children setting (5), consider raising it
[12-Jan-2025 08:53:21] WARNING: [pool www] server reached pm.max_children setting (5), consider raising it
[12-Jan-2025 08:53:37] WARNING: [pool www] server reached pm.max_children setting (5), consider raising it
[12-Jan-2025 08:54:08] WARNING: [pool www] server reached pm.max_children setting (5), consider raising it
[12-Jan-2025 08:54:24] WARNING: [pool www] server reached pm.max_children setting (5), consider raising it
[12-Jan-2025 08:55:27] WARNING: [pool www] server reached pm.max_children setting (5), consider raising it
[12-Jan-2025 08:56:00] WARNING: [pool www] server reached pm.max_children setting (5), consider raising it
[12-Jan-2025 08:56:16] WARNING: [pool www] server reached pm.max_children setting (5), consider raising it
[12-Jan-2025 08:56:32] WARNING: [pool www] server reached pm.max_children setting (5), consider raising it
[12-Jan-2025 08:56:48] WARNING: [pool www] server reached pm.max_children setting (5), consider raising it
[12-Jan-2025 08:57:04] WARNING: [pool www] server reached pm.max_children setting (5), consider raising it
[12-Jan-2025 08:57:20] WARNING: [pool www] server reached pm.max_children setting (5), consider raising it
[12-Jan-2025 08:57:36] WARNING: [pool www] server reached pm.max_children setting (5), consider raising it
[12-Jan-2025 08:57:51] WARNING: [pool www] server reached pm.max_children setting (5), consider raising it
[12-Jan-2025 08:58:08] WARNING: [pool www] server reached pm.max_children setting (5), consider raising it
[12-Jan-2025 08:59:27] WARNING: [pool www] server reached pm.max_children setting (5), consider raising it
[12-Jan-2025 08:59:43] WARNING: [pool www] server reached pm.max_children setting (5), consider raising it
[12-Jan-2025 08:59:59] WARNING: [pool www] server reached pm.max_children setting (5), consider raising it
[12-Jan-2025 09:00:31] WARNING: [pool www] server reached pm.max_children setting (5), consider raising it
[12-Jan-2025 09:01:02] WARNING: [pool www] server reached pm.max_children setting (5), consider raising it
[12-Jan-2025 09:01:34] WARNING: [pool www] server reached pm.max_children setting (5), consider raising it
[12-Jan-2025 09:01:52] WARNING: [pool www] server reached pm.max_children setting (5), consider raising it
[12-Jan-2025 09:02:08] WARNING: [pool www] server reached pm.max_children setting (5), consider raising it
[12-Jan-2025 09:02:24] WARNING: [pool www] server reached pm.max_children setting (5), consider raising it
[12-Jan-2025 09:02:40] WARNING: [pool www] server reached pm.max_children setting (5), consider raising it
[12-Jan-2025 09:02:56] WARNING: [pool www] server reached pm.max_children setting (5), consider raising it
[12-Jan-2025 09:03:13] WARNING: [pool www] server reached pm.max_children setting (5), consider raising it
[12-Jan-2025 09:03:29] WARNING: [pool www] server reached pm.max_children setting (5), consider raising it
[12-Jan-2025 09:03:45] WARNING: [pool www] server reached pm.max_children setting (5), consider raising it
[12-Jan-2025 09:04:17] WARNING: [pool www] server reached pm.max_children setting (5), consider raising it
[12-Jan-2025 09:04:50] WARNING: [pool www] server reached pm.max_children setting (5), consider raising it
[12-Jan-2025 09:05:06] WARNING: [pool www] server reached pm.max_children setting (5), consider raising it
[12-Jan-2025 09:05:22] WARNING: [pool www] server reached pm.max_children setting (5), consider raising it
[12-Jan-2025 09:05:38] WARNING: [pool www] server reached pm.max_children setting (5), consider raising it
[12-Jan-2025 09:05:54] WARNING: [pool www] server reached pm.max_children setting (5), consider raising it
[12-Jan-2025 09:06:11] WARNING: [pool www] server reached pm.max_children setting (5), consider raising it
[12-Jan-2025 09:06:27] WARNING: [pool www] server reached pm.max_children setting (5), consider raising it
[12-Jan-2025 09:06:43] WARNING: [pool www] server reached pm.max_children setting (5), consider raising it
[12-Jan-2025 09:06:59] WARNING: [pool www] server reached pm.max_children setting (5), consider raising it
[12-Jan-2025 09:07:15] WARNING: [pool www] server reached pm.max_children setting (5), consider raising it
[12-Jan-2025 09:07:47] WARNING: [pool www] server reached pm.max_children setting (5), consider raising it
[12-Jan-2025 09:08:03] WARNING: [pool www] server reached pm.max_children setting (5), consider raising it
[12-Jan-2025 09:09:39] WARNING: [pool www] server reached pm.max_children setting (5), consider raising it
[12-Jan-2025 09:09:55] WARNING: [pool www] server reached pm.max_children setting (5), consider raising it
[12-Jan-2025 09:10:28] WARNING: [pool www] server reached pm.max_children setting (5), consider raising it
[12-Jan-2025 09:10:59] WARNING: [pool www] server reached pm.max_children setting (5), consider raising it
[12-Jan-2025 09:11:16] WARNING: [pool www] server reached pm.max_children setting (5), consider raising it
[12-Jan-2025 09:12:28] WARNING: [pool www] server reached pm.max_children setting (5), consider raising it
[12-Jan-2025 09:12:43] WARNING: [pool www] server reached pm.max_children setting (5), consider raising it
[12-Jan-2025 09:12:59] WARNING: [pool www] server reached pm.max_children setting (5), consider raising it
[12-Jan-2025 09:13:31] WARNING: [pool www] server reached pm.max_children setting (5), consider raising it
[12-Jan-2025 09:13:46] WARNING: [pool www] server reached pm.max_children setting (5), consider raising it
[12-Jan-2025 09:14:02] WARNING: [pool www] server reached pm.max_children setting (5), consider raising it
[12-Jan-2025 09:14:19] WARNING: [pool www] server reached pm.max_children setting (5), consider raising it
[12-Jan-2025 09:14:51] WARNING: [pool www] server reached pm.max_children setting (5), consider raising it
[12-Jan-2025 09:15:08] WARNING: [pool www] server reached pm.max_children setting (5), consider raising it
[12-Jan-2025 09:15:24] WARNING: [pool www] server reached pm.max_children setting (5), consider raising it
[12-Jan-2025 09:15:41] WARNING: [pool www] server reached pm.max_children setting (5), consider raising it
[12-Jan-2025 09:15:57] WARNING: [pool www] server reached pm.max_children setting (5), consider raising it
[12-Jan-2025 09:16:14] WARNING: [pool www] server reached pm.max_children setting (5), consider raising it
[12-Jan-2025 09:16:30] WARNING: [pool www] server reached pm.max_children setting (5), consider raising it
[12-Jan-2025 09:17:18] WARNING: [pool www] server reached pm.max_children setting (5), consider raising it
[12-Jan-2025 09:18:22] WARNING: [pool www] server reached pm.max_children setting (5), consider raising it
[12-Jan-2025 10:56:23] NOTICE: Finishing ...
[12-Jan-2025 10:56:23] NOTICE: exiting, bye-bye!
[12-Jan-2025 10:56:30] NOTICE: fpm is running, pid 7
[12-Jan-2025 10:56:30] NOTICE: ready to handle connections
[12-Jan-2025 11:00:03] WARNING: [pool www] server reached pm.max_children setting (5), consider raising it
[12-Jan-2025 11:01:19] WARNING: [pool www] server reached pm.max_children setting (5), consider raising it
[12-Jan-2025 11:02:26] WARNING: [pool www] server reached pm.max_children setting (5), consider raising it
[13-Jan-2025 09:27:32] NOTICE: fpm is running, pid 7
[13-Jan-2025 09:27:32] NOTICE: ready to handle connections
[13-Jan-2025 09:53:25] WARNING: [pool www] server reached pm.max_children setting (5), consider raising it
[13-Jan-2025 19:28:47] NOTICE: Finishing ...
[13-Jan-2025 19:28:47] NOTICE: exiting, bye-bye!
[13-Jan-2025 19:28:48] NOTICE: fpm is running, pid 7
[13-Jan-2025 19:28:48] NOTICE: ready to handle connections
[13-Jan-2025 19:41:56] NOTICE: Finishing ...
[13-Jan-2025 19:41:56] NOTICE: exiting, bye-bye!
[13-Jan-2025 19:41:57] NOTICE: fpm is running, pid 7
[13-Jan-2025 19:41:57] NOTICE: ready to handle connections
[13-Jan-2025 19:45:31] NOTICE: Finishing ...
[13-Jan-2025 19:45:31] NOTICE: exiting, bye-bye!
[13-Jan-2025 19:45:31] NOTICE: fpm is running, pid 7
[13-Jan-2025 19:45:31] NOTICE: ready to handle connections
[14-Jan-2025 18:47:42] NOTICE: Finishing ...
[14-Jan-2025 18:47:42] NOTICE: exiting, bye-bye!
[14-Jan-2025 18:47:43] NOTICE: fpm is running, pid 7
[14-Jan-2025 18:47:43] NOTICE: ready to handle connections
[14-Jan-2025 19:35:29] NOTICE: Finishing ...
[14-Jan-2025 19:35:29] NOTICE: exiting, bye-bye!
[14-Jan-2025 19:35:30] NOTICE: fpm is running, pid 7
[14-Jan-2025 19:35:30] NOTICE: ready to handle connections
[14-Jan-2025 19:40:14] NOTICE: Finishing ...
[14-Jan-2025 19:40:14] NOTICE: exiting, bye-bye!
[14-Jan-2025 19:40:14] NOTICE: fpm is running, pid 7
[14-Jan-2025 19:40:14] NOTICE: ready to handle connections
[14-Jan-2025 20:00:04] NOTICE: Finishing ...
[14-Jan-2025 20:00:04] NOTICE: exiting, bye-bye!
[14-Jan-2025 20:00:05] NOTICE: fpm is running, pid 7
[14-Jan-2025 20:00:05] NOTICE: ready to handle connections
[14-Jan-2025 20:04:53] NOTICE: Finishing ...
[14-Jan-2025 20:04:53] NOTICE: exiting, bye-bye!
[14-Jan-2025 20:04:54] NOTICE: fpm is running, pid 7
[14-Jan-2025 20:04:54] NOTICE: ready to handle connections
[14-Jan-2025 20:22:39] NOTICE: Finishing ...
[14-Jan-2025 20:22:39] NOTICE: exiting, bye-bye!
[14-Jan-2025 20:22:40] NOTICE: fpm is running, pid 7
[14-Jan-2025 20:22:40] NOTICE: ready to handle connections
[14-Jan-2025 20:47:29] NOTICE: Finishing ...
[14-Jan-2025 20:47:29] NOTICE: exiting, bye-bye!
[14-Jan-2025 20:47:30] NOTICE: fpm is running, pid 7
[14-Jan-2025 20:47:30] NOTICE: ready to handle connections
[14-Jan-2025 21:09:47] NOTICE: Finishing ...
[14-Jan-2025 21:09:47] NOTICE: exiting, bye-bye!
[14-Jan-2025 21:09:48] NOTICE: fpm is running, pid 7
[14-Jan-2025 21:09:48] NOTICE: ready to handle connections
[14-Jan-2025 21:14:33] NOTICE: Finishing ...
[14-Jan-2025 21:14:33] NOTICE: exiting, bye-bye!
[14-Jan-2025 21:14:33] NOTICE: fpm is running, pid 7
[14-Jan-2025 21:14:33] NOTICE: ready to handle connections
[14-Jan-2025 21:14:36] NOTICE: Finishing ...
[14-Jan-2025 21:14:36] NOTICE: exiting, bye-bye!
[14-Jan-2025 21:14:37] NOTICE: fpm is running, pid 7
[14-Jan-2025 21:14:37] NOTICE: ready to handle connections
[14-Jan-2025 21:17:28] NOTICE: Finishing ...
[14-Jan-2025 21:17:28] NOTICE: exiting, bye-bye!
[14-Jan-2025 21:17:29] NOTICE: fpm is running, pid 7
[14-Jan-2025 21:17:29] NOTICE: ready to handle connections
[14-Jan-2025 21:17:33] NOTICE: Finishing ...
[14-Jan-2025 21:17:33] NOTICE: exiting, bye-bye!
[14-Jan-2025 21:17:34] NOTICE: fpm is running, pid 7
[14-Jan-2025 21:17:34] NOTICE: ready to handle connections
[14-Jan-2025 21:19:58] NOTICE: Finishing ...
[14-Jan-2025 21:19:58] NOTICE: exiting, bye-bye!
[14-Jan-2025 21:19:59] NOTICE: fpm is running, pid 7
[14-Jan-2025 21:19:59] NOTICE: ready to handle connections
[14-Jan-2025 21:20:01] NOTICE: Finishing ...
[14-Jan-2025 21:20:01] NOTICE: exiting, bye-bye!
[14-Jan-2025 21:20:01] NOTICE: fpm is running, pid 7
[14-Jan-2025 21:20:01] NOTICE: ready to handle connections
[14-Jan-2025 21:22:33] NOTICE: Finishing ...
[14-Jan-2025 21:22:33] NOTICE: exiting, bye-bye!
[14-Jan-2025 21:22:33] NOTICE: fpm is running, pid 7
[14-Jan-2025 21:22:33] NOTICE: ready to handle connections
[14-Jan-2025 21:33:45] NOTICE: Finishing ...
[14-Jan-2025 21:33:45] NOTICE: exiting, bye-bye!
[14-Jan-2025 21:33:46] NOTICE: fpm is running, pid 7
[14-Jan-2025 21:33:46] NOTICE: ready to handle connections
[14-Jan-2025 21:33:48] NOTICE: Finishing ...
[14-Jan-2025 21:33:48] NOTICE: exiting, bye-bye!
[14-Jan-2025 21:33:48] NOTICE: fpm is running, pid 7
[14-Jan-2025 21:33:48] NOTICE: ready to handle connections
[14-Jan-2025 21:40:34] NOTICE: Finishing ...
[14-Jan-2025 21:40:34] NOTICE: exiting, bye-bye!
[14-Jan-2025 21:40:34] NOTICE: fpm is running, pid 7
[14-Jan-2025 21:40:34] NOTICE: ready to handle connections
[15-Jan-2025 06:44:46] NOTICE: Finishing ...
[15-Jan-2025 06:44:46] NOTICE: exiting, bye-bye!
[15-Jan-2025 06:44:47] NOTICE: fpm is running, pid 6
[15-Jan-2025 06:44:47] NOTICE: ready to handle connections
[21-Jan-2025 23:45:31] NOTICE: fpm is running, pid 7
[21-Jan-2025 23:45:31] NOTICE: ready to handle connections
[22-Jan-2025 07:36:54] NOTICE: Finishing ...
[22-Jan-2025 07:36:54] NOTICE: exiting, bye-bye!
[22-Jan-2025 07:36:55] NOTICE: fpm is running, pid 7
[22-Jan-2025 07:36:55] NOTICE: ready to handle connections
[22-Jan-2025 07:37:07] NOTICE: Finishing ...
[22-Jan-2025 07:37:07] NOTICE: exiting, bye-bye!
[22-Jan-2025 07:37:08] NOTICE: fpm is running, pid 7
[22-Jan-2025 07:37:08] NOTICE: ready to handle connections
[23-Jan-2025 00:35:27] NOTICE: fpm is running, pid 7
[23-Jan-2025 00:35:27] NOTICE: ready to handle connections
[23-Jan-2025 00:35:41] NOTICE: Finishing ...
[23-Jan-2025 00:35:41] NOTICE: exiting, bye-bye!
[23-Jan-2025 00:35:42] NOTICE: fpm is running, pid 7
[23-Jan-2025 00:35:42] NOTICE: ready to handle connections
[23-Jan-2025 00:41:35] NOTICE: Finishing ...
[23-Jan-2025 00:41:35] NOTICE: exiting, bye-bye!
[23-Jan-2025 00:41:36] NOTICE: fpm is running, pid 8
[23-Jan-2025 00:41:36] NOTICE: ready to handle connections
[23-Jan-2025 00:57:30] NOTICE: Finishing ...
[23-Jan-2025 00:57:30] NOTICE: exiting, bye-bye!
[23-Jan-2025 00:57:31] NOTICE: fpm is running, pid 7
[23-Jan-2025 00:57:31] NOTICE: ready to handle connections
[23-Jan-2025 01:04:26] NOTICE: Finishing ...
[23-Jan-2025 01:04:26] NOTICE: exiting, bye-bye!
[23-Jan-2025 01:04:27] NOTICE: fpm is running, pid 7
[23-Jan-2025 01:04:27] NOTICE: ready to handle connections
[23-Jan-2025 01:06:26] NOTICE: Finishing ...
[23-Jan-2025 01:06:26] NOTICE: exiting, bye-bye!
[23-Jan-2025 01:06:27] NOTICE: fpm is running, pid 7
[23-Jan-2025 01:06:27] NOTICE: ready to handle connections
[23-Jan-2025 01:10:11] NOTICE: Finishing ...
[23-Jan-2025 01:10:11] NOTICE: exiting, bye-bye!
[23-Jan-2025 01:10:11] NOTICE: fpm is running, pid 7
[23-Jan-2025 01:10:11] NOTICE: ready to handle connections
[23-Jan-2025 01:13:56] NOTICE: Finishing ...
[23-Jan-2025 01:13:56] NOTICE: exiting, bye-bye!
[23-Jan-2025 01:13:57] NOTICE: fpm is running, pid 7
[23-Jan-2025 01:13:57] NOTICE: ready to handle connections
[23-Jan-2025 01:14:21] NOTICE: Finishing ...
[23-Jan-2025 01:14:21] NOTICE: exiting, bye-bye!
[23-Jan-2025 01:14:22] NOTICE: fpm is running, pid 7
[23-Jan-2025 01:14:22] NOTICE: ready to handle connections
[23-Jan-2025 01:17:34] NOTICE: Finishing ...
[23-Jan-2025 01:17:34] NOTICE: exiting, bye-bye!
[23-Jan-2025 01:17:34] NOTICE: fpm is running, pid 8
[23-Jan-2025 01:17:34] NOTICE: ready to handle connections
[23-Jan-2025 01:21:34] NOTICE: Finishing ...
[23-Jan-2025 01:21:34] NOTICE: exiting, bye-bye!
[23-Jan-2025 01:21:34] NOTICE: fpm is running, pid 8
[23-Jan-2025 01:21:34] NOTICE: ready to handle connections
[23-Jan-2025 01:26:02] NOTICE: Finishing ...
[23-Jan-2025 01:26:02] NOTICE: exiting, bye-bye!
[23-Jan-2025 01:26:02] NOTICE: fpm is running, pid 7
[23-Jan-2025 01:26:02] NOTICE: ready to handle connections
[23-Jan-2025 01:30:29] NOTICE: Finishing ...
[23-Jan-2025 01:30:29] NOTICE: exiting, bye-bye!
[23-Jan-2025 01:30:29] NOTICE: fpm is running, pid 7
[23-Jan-2025 01:30:29] NOTICE: ready to handle connections
[23-Jan-2025 01:33:01] NOTICE: Finishing ...
[23-Jan-2025 01:33:01] NOTICE: exiting, bye-bye!
[23-Jan-2025 01:33:02] NOTICE: fpm is running, pid 7
[23-Jan-2025 01:33:02] NOTICE: ready to handle connections
[23-Jan-2025 01:34:21] NOTICE: Finishing ...
[23-Jan-2025 01:34:21] NOTICE: exiting, bye-bye!
[23-Jan-2025 01:34:22] NOTICE: fpm is running, pid 7
[23-Jan-2025 01:34:22] NOTICE: ready to handle connections
[23-Jan-2025 01:37:38] NOTICE: Finishing ...
[23-Jan-2025 01:37:38] NOTICE: exiting, bye-bye!
[23-Jan-2025 01:37:39] NOTICE: fpm is running, pid 7
[23-Jan-2025 01:37:39] NOTICE: ready to handle connections
[23-Jan-2025 01:39:44] NOTICE: Finishing ...
[23-Jan-2025 01:39:44] NOTICE: exiting, bye-bye!
[23-Jan-2025 01:39:45] NOTICE: fpm is running, pid 7
[23-Jan-2025 01:39:45] NOTICE: ready to handle connections
[23-Jan-2025 01:48:24] NOTICE: Finishing ...
[23-Jan-2025 01:48:24] NOTICE: exiting, bye-bye!
[23-Jan-2025 01:48:25] NOTICE: fpm is running, pid 7
[23-Jan-2025 01:48:25] NOTICE: ready to handle connections
[23-Jan-2025 02:20:32] NOTICE: Finishing ...
[23-Jan-2025 02:20:32] NOTICE: exiting, bye-bye!
[23-Jan-2025 02:20:33] NOTICE: fpm is running, pid 7
[23-Jan-2025 02:20:33] NOTICE: ready to handle connections
[23-Jan-2025 02:24:52] NOTICE: Finishing ...
[23-Jan-2025 02:24:52] NOTICE: exiting, bye-bye!
[23-Jan-2025 02:24:52] NOTICE: fpm is running, pid 7
[23-Jan-2025 02:24:52] NOTICE: ready to handle connections
[23-Jan-2025 02:30:33] NOTICE: Finishing ...
[23-Jan-2025 02:30:33] NOTICE: exiting, bye-bye!
[23-Jan-2025 02:30:34] NOTICE: fpm is running, pid 7
[23-Jan-2025 02:30:34] NOTICE: ready to handle connections
[25-Jan-2025 08:46:38] NOTICE: Finishing ...
[25-Jan-2025 08:46:38] NOTICE: exiting, bye-bye!
[25-Jan-2025 08:46:39] NOTICE: fpm is running, pid 7
[25-Jan-2025 08:46:39] NOTICE: ready to handle connections
[25-Jan-2025 09:01:02] NOTICE: Finishing ...
[25-Jan-2025 09:01:02] NOTICE: exiting, bye-bye!
[25-Jan-2025 09:01:02] NOTICE: fpm is running, pid 7
[25-Jan-2025 09:01:02] NOTICE: ready to handle connections
[25-Jan-2025 09:07:36] NOTICE: Finishing ...
[25-Jan-2025 09:07:36] NOTICE: exiting, bye-bye!
[25-Jan-2025 09:07:36] NOTICE: fpm is running, pid 7
[25-Jan-2025 09:07:36] NOTICE: ready to handle connections
[25-Jan-2025 09:40:29] NOTICE: Finishing ...
[25-Jan-2025 09:40:29] NOTICE: exiting, bye-bye!
[25-Jan-2025 09:40:30] NOTICE: fpm is running, pid 7
[25-Jan-2025 09:40:30] NOTICE: ready to handle connections
